Albany|NY|United States|Latitude 42 40 N|Longitude 73 45 W
Albuquerque|NM|United States|Latitude 35 05 N|Longitude 106 39 W
Amarillo|TX|United States|Latitude 35 11 N|Longitude 101 50 W
Anchorage|AK|United States|Latitude 61 13 N|Longitude 149 54 W
Atlanta|GA|United States|Latitude 33 45 N|Longitude 84 23 W
Austin|TX|United States|Latitude 30 16 N|Longitude 97 44 W
Baltimore|MD|United States|Latitude 39 18 N|Longitude 76 38 W
Barcelona|Spain|Latitude 41 23 N|Longitude 2 9 E
Beijing|China|Latitude 39 55 N|Longitude 116 25 E
Belem|Brazil|Latitude 1 28 S|Longitude 48 29 W
Berlin|Germany|Latitude 52 30 N|Longitude 13 25 E
Birmingham|AL|United States|Latitude 33 30 N|Longitude 86 50 W
Bismarck|ND|United States|Latitude 46 48 N|Longitude 100 47 W
Boise|ID|United States|Latitude 43 36 N|Longitude 116 13 W
Boston|MA|United States|Latitude 42 21 N|Longitude 71 5 W
Buffalo|NY|United States|Latitude 42 55 N|Longitude 78 50 W
Carlsbad|NM|United States|Latitude 32 26 N|Longitude 104 15 W
Charleston|SC|United States|Latitude 32 47 N|Longitude 79 56 W
Cheyenne|WY|United States|Latitude 41 9 N|Longitude 104 52 W
Chicago|IL|United States|Latitude 41 50 N|Longitude 87 37 W
Cincinnati|OH|United States|Latitude 39 8 N|Longitude 84 30 W
Dallas|TX|United States|Latitude 32 46 N|Longitude 96 46 W
Denver|CO|United States|Latitude 39 45 N|Longitude 105 0 W
Detroit|MI|United States|Latitude 42 20 N|Longitude 83 3  W
Flagstaff|AZ|United States|Latitude 35 13 N|Longitude 111 41 W
Helena|MT|United States|Latitude 46 35 N|Longitude 112 2 W
Honolulu|HI|United States|Latitude 21 18 N|Longitude 157 50 W
Kansas City|MO|United States|Latitude 39 6 N|Longitude 94 35 W
Key West|FL|United States|Latitude 24 33 N|Longitude 81 48 W
Las Vegas|NV|United States|Latitude 36 10 N|Longitude 115 12 W
Los Angeles|CA|United States|Latitude 34 3 N|Longitude 118 15 W
Memphis|TN|United States|Latitude 35 9 N|Longitude 90 3 W
Adelaide|Australia|Latitude 34 55 S|Longitude 138 36 E
Auckland|New Zealand|Latitude 36 52 S|Longitude 174 45 E
Bangkok|Thailand|Latitude 13 45 N|Longitude 100 30 E
Miami|FL|United States|Latitude 25 46 N|Longitude 80 12 W
Milwaukee|WI|United States|Latitude 43 2 N|Longitude 87 55 W
Minneapolis|MN|United States|Latitude 44 59 N|Longitude 93 14 W
Mobile|AL|United States|Latitude 30 42 N|Longitude 88 3 W
Montgomery|AL|United States|Latitude 32 21 N|Longitude 86 18 W
Nashville|TN|United States|Latitude 36 10 N|Longitude 86 47 W
New York|NY|United States|Latitude 40 47 N|Longitude 73 58 W
Oklahoma City|OK|United States|Latitude 35 26 N|Longitude 97 28 W
Philadelphia|PA|United States|Latitude 39 57 N|Longitude 75 10 W
Phoenix|AZ|United States|Latitude 33 29 N|Longitude 112 4 W
Pittsburgh|PA|United States|Latitude 40 27 N|Longitude 79 57 W
Salt Lake City|UT|United States|Latitude 40 46 N|Longitude 111 54 W
San Diego|CA|United States|Latitude 32 42 N|Longitude 117 10 W
San Francisco|CA|United States|Latitude 37 47 N|Longitude 122 26 W
San Juan|Puerto Rico|United States|Latitude 18 30 N|Longitude 66 10 W
Santa Fe|NM|United States|Latitude 35 41 N|Longitude 105 57 W
Seattle|WA|United States|Latitude 47 37 N|Longitude 122 20 W
Springfield|IL|United States|Latitude 39 48 N|Longitude 89 38 W
Tampa|FL|United States|Latitude 27 57 N|Longitude 82 27 W
Vancouver|Canada|Latitude 49 13 N|Longitude 123 06 W
Washington|D.C.|United States|Latitude 38 53 N|Longitude 77 02 W
Wichita|KS|United States|Latitude 37 43 N|Longitude 97 17 W
Athens|Greece|Latitude 37 58 N|Longitude 23 43 E
Bombay|India|Latitude 19 0 N|Longitude 72 48 E
Bordeaux|France|Latitude 44 50 N|Longitude 0 31 W
Cordoba|Argentina|Latitude 31 28 S|Longitude 64 10 W
Darwin|Australia|Latitude 12 28 S|Longitude 130 51 E
Djibouti|Djibouti|Latitude 11 30 N|Longitude 43 3 E
Durban|South Africa|Latitude 29 53 S|Longitude 30 53 E
